<?xml version="1.0" encoding="UTF-8" ?>
<testsuite errors="0" failures="0" hostname="Philips-MacBook-Air.local" name="league.LeagueControllerSpec" skipped="0" tests="4" time="0.682" timestamp="2016-04-23T06:22:31">
  <properties />
  <testcase classname="league.LeagueControllerSpec" name="Test the index action returns the correct model" time="0.417" />
  <testcase classname="league.LeagueControllerSpec" name="Test the create action returns the correct model" time="0.086" />
  <testcase classname="league.LeagueControllerSpec" name="Test that the show action returns the correct model" time="0.094" />
  <testcase classname="league.LeagueControllerSpec" name="Test that the edit action returns the correct model" time="0.065" />
  <system-out><![CDATA[--Output from Test the index action returns the correct model--
--Output from Test the create action returns the correct model--
--Output from Test that the show action returns the correct model--
--Output from Test that the edit action returns the correct model--
]]></system-out>
  <system-err><![CDATA[--Output from Test the index action returns the correct model--
--Output from Test the create action returns the correct model--
--Output from Test that the show action returns the correct model--
--Output from Test that the edit action returns the correct model--
]]></system-err>
</testsuite>
