<?xml version="1.0" encoding="UTF-8" ?>
<testsuite errors="0" failures="0" hostname="Philips-MacBook-Air.local" name="league.ConferenceControllerSpec" skipped="0" tests="4" time="9.864" timestamp="2016-04-23T06:22:17">
  <properties />
  <testcase classname="league.ConferenceControllerSpec" name="Test the index action returns the correct model" time="9.113" />
  <testcase classname="league.ConferenceControllerSpec" name="Test the create action returns the correct model" time="0.356" />
  <testcase classname="league.ConferenceControllerSpec" name="Test that the show action returns the correct model" time="0.16" />
  <testcase classname="league.ConferenceControllerSpec" name="Test that the edit action returns the correct model" time="0.112" />
  <system-out><![CDATA[--Output from Test the index action returns the correct model--
--Output from Test the create action returns the correct model--
--Output from Test that the show action returns the correct model--
--Output from Test that the edit action returns the correct model--
]]></system-out>
  <system-err><![CDATA[--Output from Test the index action returns the correct model--
--Output from Test the create action returns the correct model--
--Output from Test that the show action returns the correct model--
--Output from Test that the edit action returns the correct model--
]]></system-err>
</testsuite>
