<?xml version="1.0" encoding="UTF-8" ?>
<testsuite errors="0" failures="0" hostname="Philips-MacBook-Air.local" name="league.SeasonControllerSpec" skipped="0" tests="4" time="0.617" timestamp="2016-04-23T06:22:32">
  <properties />
  <testcase classname="league.SeasonControllerSpec" name="Test the index action returns the correct model" time="0.39" />
  <testcase classname="league.SeasonControllerSpec" name="Test the create action returns the correct model" time="0.077" />
  <testcase classname="league.SeasonControllerSpec" name="Test that the show action returns the correct model" time="0.076" />
  <testcase classname="league.SeasonControllerSpec" name="Test that the edit action returns the correct model" time="0.059" />
  <system-out><![CDATA[--Output from Test the index action returns the correct model--
--Output from Test the create action returns the correct model--
--Output from Test that the show action returns the correct model--
--Output from Test that the edit action returns the correct model--
]]></system-out>
  <system-err><![CDATA[--Output from Test the index action returns the correct model--
--Output from Test the create action returns the correct model--
--Output from Test that the show action returns the correct model--
--Output from Test that the edit action returns the correct model--
]]></system-err>
</testsuite>
