<?xml version="1.0" encoding="UTF-8" ?>
<testsuite errors="0" failures="0" hostname="Philips-MacBook-Air.local" name="league.ConferenceSpec" skipped="0" tests="1" time="0.528" timestamp="2016-04-23T06:22:27">
  <properties />
  <testcase classname="league.ConferenceSpec" name="test name not null" time="0.514" />
  <system-out><![CDATA[--Output from test name not null--
]]></system-out>
  <system-err><![CDATA[--Output from test name not null--
]]></system-err>
</testsuite>
