<?xml version="1.0" encoding="UTF-8" ?>
<testsuite errors="0" failures="0" hostname="Philips-MacBook-Air.local" name="league.GameServiceIntegrationSpec" skipped="0" tests="1" time="0.725" timestamp="2016-04-23T06:23:49">
  <properties />
  <testcase classname="league.GameServiceIntegrationSpec" name="test simulateGame populates schedule with game" time="0.717" />
  <system-out><![CDATA[--Output from test simulateGame populates schedule with game--
]]></system-out>
  <system-err><![CDATA[--Output from test simulateGame populates schedule with game--
]]></system-err>
</testsuite>
