<?xml version="1.0" encoding="UTF-8" ?>
<testsuite errors="0" failures="0" hostname="Philips-MacBook-Air.local" name="league.GameControllerSpec" skipped="0" tests="3" time="0.922" timestamp="2016-04-23T06:22:28">
  <properties />
  <testcase classname="league.GameControllerSpec" name="Test the index action returns the correct model" time="0.659" />
  <testcase classname="league.GameControllerSpec" name="Test the create action returns the correct model" time="0.129" />
  <testcase classname="league.GameControllerSpec" name="Test that the show action returns the correct model" time="0.115" />
  <system-out><![CDATA[--Output from Test the index action returns the correct model--
--Output from Test the create action returns the correct model--
--Output from Test that the show action returns the correct model--
]]></system-out>
  <system-err><![CDATA[--Output from Test the index action returns the correct model--
--Output from Test the create action returns the correct model--
--Output from Test that the show action returns the correct model--
]]></system-err>
</testsuite>
